app/build/outputs/logs/manifest-merger-debug-report.txt
-- Merging decision tree log ---
manifest
ADDED from src\main\AndroidManifest.xml:2:1-43:12
	package
		ADDED from src\main\AndroidManifest.xml:3:5-32
		INJECTED from src\main\AndroidManifest.xml
		INJECTED from src\main\AndroidManifest.xml
	android:versionName
		ADDED from src\main\AndroidManifest.xml:5:5-30
		INJECTED from src\main\AndroidManifest.xml
		INJECTED from src\main\AndroidManifest.xml
	android:versionCode
		ADDED from src\main\AndroidManifest.xml:4:5-28
		INJECTED from src\main\AndroidManifest.xml
		INJECTED from src\main\AndroidManifest.xml
	xmlns:android
		ADDED from src\main\AndroidManifest.xml:2:11-69
uses-sdk
ADDED from src\main\AndroidManifest.xml:7:5-9:41
	android:targetSdkVersion
		ADDED from src\main\AndroidManifest.xml:9:9-38
		INJECTED from src\main\AndroidManifest.xml
		INJECTED from src\main\AndroidManifest.xml
	android:minSdkVersion
		ADDED from src\main\AndroidManifest.xml:8:9-35
		INJECTED from src\main\AndroidManifest.xml
		INJECTED from src\main\AndroidManifest.xml
application
ADDED from src\main\AndroidManifest.xml:11:5-25:19
	android:label
		ADDED from src\main\AndroidManifest.xml:14:9-41
	android:allowBackup
		ADDED from src\main\AndroidManifest.xml:12:9-35
	android:icon
		ADDED from src\main\AndroidManifest.xml:13:9-45
	android:theme
		ADDED from src\main\AndroidManifest.xml:15:9-40
activity#com.example.car3d.MainActivity
ADDED from src\main\AndroidManifest.xml:16:9-24:20
	android:label
		ADDED from src\main\AndroidManifest.xml:18:13-45
	android:name
		ADDED from src\main\AndroidManifest.xml:17:13-41
intent-filter#android.intent.action.MAIN+android.intent.category.LAUNCHER
ADDED from src\main\AndroidManifest.xml:19:13-23:29
action#android.intent.action.MAIN
ADDED from src\main\AndroidManifest.xml:20:17-69
	android:name
		ADDED from src\main\AndroidManifest.xml:20:25-66
category#android.intent.category.LAUNCHER
ADDED from src\main\AndroidManifest.xml:22:17-77
	android:name
		ADDED from src\main\AndroidManifest.xml:22:27-74
uses-permission#android.permission.WAKE_LOCK
ADDED from src\main\AndroidManifest.xml:26:5-68
	android:name
		ADDED from src\main\AndroidManifest.xml:26:22-65
uses-permission#android.permission.WRITE_SETTINGS
ADDED from src\main\AndroidManifest.xml:27:5-73
	android:name
		ADDED from src\main\AndroidManifest.xml:27:22-70
uses-permission#android.permission.DISABLE_KEYGUARD
ADDED from src\main\AndroidManifest.xml:28:5-75
	android:name
		ADDED from src\main\AndroidManifest.xml:28:22-72
uses-permission#android.permission.CHANGE_NETWORK_STATE
ADDED from src\main\AndroidManifest.xml:29:5-79
	android:name
		ADDED from src\main\AndroidManifest.xml:29:22-76
uses-permission#android.permission.DOWNLOAD_WITHOUT_NOTIFICATION
ADDED from src\main\AndroidManifest.xml:30:5-88
	android:name
		ADDED from src\main\AndroidManifest.xml:30:22-85
uses-permission#android.permission.RECEIVE_BOOT_COMPLETED
ADDED from src\main\AndroidManifest.xml:31:5-81
	android:name
		ADDED from src\main\AndroidManifest.xml:31:22-78
uses-permission#android.permission.MOUNT_UNMOUNT_FILESYSTEMS
ADDED from src\main\AndroidManifest.xml:32:5-84
	android:name
		ADDED from src\main\AndroidManifest.xml:32:22-81
uses-permission#android.permission.GET_TASKS
ADDED from src\main\AndroidManifest.xml:33:5-68
	android:name
		ADDED from src\main\AndroidManifest.xml:33:22-65
uses-permission#android.permission.INTERNET
ADDED from src\main\AndroidManifest.xml:34:5-67
	android:name
		ADDED from src\main\AndroidManifest.xml:34:22-64
uses-permission#android.permission.READ_PHONE_STATE
ADDED from src\main\AndroidManifest.xml:35:5-75
	android:name
		ADDED from src\main\AndroidManifest.xml:35:22-72
uses-permission#android.permission.ACCESS_WIFI_STATE
ADDED from src\main\AndroidManifest.xml:36:5-76
	android:name
		ADDED from src\main\AndroidManifest.xml:36:22-73
uses-permission#android.permission.CHANGE_WIFI_STATE
ADDED from src\main\AndroidManifest.xml:37:5-76
	android:name
		ADDED from src\main\AndroidManifest.xml:37:22-73
uses-permission#android.permission.ACCESS_NETWORK_STATE
ADDED from src\main\AndroidManifest.xml:38:5-79
	android:name
		ADDED from src\main\AndroidManifest.xml:38:22-76
uses-permission#android.permission.WRITE_EXTERNAL_STORAGE
ADDED from src\main\AndroidManifest.xml:39:5-81
	android:name
		ADDED from src\main\AndroidManifest.xml:39:22-78
uses-permission#android.permission.READ_LOGS
ADDED from src\main\AndroidManifest.xml:40:5-68
	android:name
		ADDED from src\main\AndroidManifest.xml:40:22-65
uses-permission#android.permission.READ_EXTERNAL_STORAGE
ADDED from src\main\AndroidManifest.xml:41:5-80
	android:name
		ADDED from src\main\AndroidManifest.xml:41:22-77
uses-permission#android.permission.KILL_BACKGROUND_PROCESSES
ADDED from src\main\AndroidManifest.xml:42:5-84
	android:name
		ADDED from src\main\AndroidManifest.xml:42:22-81